<?xml version="1.0" encoding="UTF-8"?>
<!-- Generated by org.testng.reporters.JUnitXMLReporter -->
<testsuite ignored="0" hostname="DESKTOP-1BLE9HI" failures="0" tests="2" name="Default test" time="20.276" errors="0" timestamp="2024-12-28T13:48:09 IST">
  <testcase classname="com.BeyoungPageTest.productOptionSelectPageTest" name="SelctOptionsSize" time="0.006"/>
  <testcase classname="com.BeyoungPageTest.productOptionSelectPageTest" name="SelectAddcart" time="0.265"/>
</testsuite> <!-- Default test -->
