<?xml version="1.0" encoding="UTF-8"?>
<testng-results ignored="0" total="1" passed="1" failed="0" skipped="0">
  <reporter-output>
  </reporter-output>
  <suite started-at="2024-07-15T21:33:04 IST" name="Default suite" finished-at="2024-07-15T21:33:28 IST" duration-ms="24726">
    <groups>
    </groups>
    <test started-at="2024-07-15T21:33:04 IST" name="Default test" finished-at="2024-07-15T21:33:28 IST" duration-ms="24726">
      <class name="yourlogoPageTest.com.chekoutpageTest">
        <test-method is-config="true" signature="setUpBrowse()[pri:0, instance:yourlogoPageTest.com.chekoutpageTest@799f10e1]" started-at="2024-07-15T21:33:04 IST" name="setUpBrowse" finished-at="2024-07-15T21:33:11 IST" duration-ms="7133" status="PASS">
          <reporter-output>
          </reporter-output>
        </test-method> <!-- setUpBrowse -->
        <test-method is-config="true" signature="SetUpPage()[pri:0, instance:yourlogoPageTest.com.chekoutpageTest@799f10e1]" started-at="2024-07-15T21:33:11 IST" name="SetUpPage" finished-at="2024-07-15T21:33:26 IST" duration-ms="15624" status="PASS">
          <reporter-output>
          </reporter-output>
        </test-method> <!-- SetUpPage -->
        <test-method signature="testcheckout()[pri:1, instance:yourlogoPageTest.com.chekoutpageTest@799f10e1]" started-at="2024-07-15T21:33:26 IST" name="testcheckout" finished-at="2024-07-15T21:33:28 IST" duration-ms="1919" status="PASS">
          <reporter-output>
          </reporter-output>
        </test-method> <!-- testcheckout -->
      </class> <!-- yourlogoPageTest.com.chekoutpageTest -->
    </test> <!-- Default test -->
  </suite> <!-- Default suite -->
</testng-results>
