<?xml version="1.0" encoding="UTF-8"?>
<testng-results ignored="0" total="2" passed="2" failed="0" skipped="0">
  <reporter-output>
    <line>
      <![CDATA[The home page is open]]>
    </line>
    <line>
      <![CDATA[The product is selected!]]>
    </line>
    <line>
      <![CDATA[The product basid is selcet]]>
    </line>
  </reporter-output>
  <suite started-at="2024-12-28T13:48:34 IST" name="Suite" finished-at="2024-12-28T13:48:54 IST" duration-ms="19933">
    <groups>
    </groups>
    <test started-at="2024-12-28T13:48:34 IST" name="Test" finished-at="2024-12-28T13:48:54 IST" duration-ms="19933">
      <class name="com.BeyoungPageTest.productOptionSelectPageTest">
        <test-method is-config="true" signature="ExtendsReports()[pri:0, instance:com.BeyoungPageTest.productOptionSelectPageTest@7161d8d1]" started-at="2024-12-28T13:48:34 IST" name="ExtendsReports" finished-at="2024-12-28T13:48:34 IST" duration-ms="210" status="PASS">
          <reporter-output>
          </reporter-output>
        </test-method> <!-- ExtendsReports -->
        <test-method is-config="true" signature="SetUpTestPages()[pri:0, instance:com.BeyoungPageTest.productOptionSelectPageTest@7161d8d1]" started-at="2024-12-28T13:48:34 IST" name="SetUpTestPages" finished-at="2024-12-28T13:48:39 IST" duration-ms="5602" status="PASS">
          <reporter-output>
          </reporter-output>
        </test-method> <!-- SetUpTestPages -->
        <test-method is-config="true" signature="SetUpBrowser()[pri:0, instance:com.BeyoungPageTest.productOptionSelectPageTest@7161d8d1]" started-at="2024-12-28T13:48:39 IST" name="SetUpBrowser" finished-at="2024-12-28T13:48:54 IST" duration-ms="14110" status="PASS">
          <reporter-output>
            <line>
              <![CDATA[The home page is open]]>
            </line>
            <line>
              <![CDATA[The product is selected!]]>
            </line>
            <line>
              <![CDATA[The product basid is selcet]]>
            </line>
          </reporter-output>
        </test-method> <!-- SetUpBrowser -->
        <test-method signature="SelctOptionsSize()[pri:1, instance:com.BeyoungPageTest.productOptionSelectPageTest@7161d8d1]" started-at="2024-12-28T13:48:54 IST" name="SelctOptionsSize" finished-at="2024-12-28T13:48:54 IST" duration-ms="15" status="PASS">
          <reporter-output>
          </reporter-output>
        </test-method> <!-- SelctOptionsSize -->
        <test-method signature="SelectAddcart()[pri:2, instance:com.BeyoungPageTest.productOptionSelectPageTest@7161d8d1]" started-at="2024-12-28T13:48:54 IST" name="SelectAddcart" finished-at="2024-12-28T13:48:54 IST" duration-ms="156" status="PASS">
          <reporter-output>
          </reporter-output>
        </test-method> <!-- SelectAddcart -->
        <test-method is-config="true" signature="exiteReport()[pri:0, instance:com.BeyoungPageTest.productOptionSelectPageTest@7161d8d1]" started-at="2024-12-28T13:48:54 IST" name="exiteReport" finished-at="2024-12-28T13:48:54 IST" duration-ms="0" status="PASS">
          <reporter-output>
          </reporter-output>
        </test-method> <!-- exiteReport -->
      </class> <!-- com.BeyoungPageTest.productOptionSelectPageTest -->
    </test> <!-- Test -->
  </suite> <!-- Suite -->
</testng-results>
